2025-07-11 14:19:08,883 - ERROR - Error loading config: [Errno 2] No such file or directory: 'config.json'
2025-07-11 14:19:20,349 - ERROR - Error loading config: [Errno 2] No such file or directory: 'config.json'
2025-07-11 14:23:28,577 - WARNING - Request failed (attempt 1/3), retrying in 1s...
2025-07-11 14:23:30,671 - WARNING - Request failed (attempt 2/3), retrying in 2s...
2025-07-11 14:23:33,072 - ERROR - Scraping failed: 429 Client Error: Too Many Requests for url: https://www.realtor.com/realestateandhomes-search/California/show-newest-listings
2025-07-11 14:26:07,873 - WARNING - Request failed (attempt 1/3), retrying in 1.5s...
2025-07-11 14:26:10,369 - WARNING - Request failed (attempt 2/3), retrying in 2.9s...
2025-07-11 14:26:13,604 - ERROR - Scraping failed: 429 Client Error: Too Many Requests for url: https://www.realtor.com/realestateandhomes-search/California/show-newest-listings
2025-07-11 14:41:43,060 - INFO - Starting to process 6 listings
2025-07-11 14:41:43,060 - WARNING - Invalid data: Invalid price: Otto
2025-07-11 14:41:43,060 - WARNING - Invalid data: Invalid price: Thornton
2025-07-11 14:41:43,060 - WARNING - Invalid data: Invalid price: the Bird
2025-07-11 14:41:43,060 - WARNING - Invalid data: Invalid price: Potter
2025-07-11 14:41:43,060 - INFO - Processing item 5/6
2025-07-11 14:41:43,060 - WARNING - Invalid data: Invalid price: Snow
2025-07-11 14:41:43,060 - WARNING - Invalid data: Invalid price: Bean
2025-07-11 14:44:20,860 - INFO - Starting to process 6 listings
2025-07-11 14:44:20,860 - WARNING - Invalid data: Invalid price format: Otto
2025-07-11 14:44:20,860 - WARNING - Invalid data: Invalid price format: Thornton
2025-07-11 14:44:20,860 - WARNING - Invalid data: Invalid price format: the Bird
2025-07-11 14:44:20,861 - WARNING - Invalid data: Invalid price format: Potter
2025-07-11 14:44:20,861 - INFO - Processing item 5/6
2025-07-11 14:44:20,861 - WARNING - Invalid data: Invalid price format: Snow
2025-07-11 14:44:20,861 - WARNING - Invalid data: Invalid price format: Bean
2025-07-11 14:47:24,681 - INFO - Starting to process 6 listings
2025-07-11 14:47:24,685 - INFO - Processing item 5/6
